<?xml version="1.0" encoding="UTF-8"?>
<!-- Generated by org.testng.reporters.JUnitXMLReporter -->
<testsuite hostname="DESKTOP-3V6906V" ignored="0" name="Default test" tests="3" failures="0" timestamp="01 Sep 2019 20:09:57 GMT" time="1.855" errors="0">
  <testcase name="Test1" time="1.612" classname="kalturaExercise.RunTests"/>
  <testcase name="Test2" time="0.112" classname="kalturaExercise.RunTests"/>
  <testcase name="Test3" time="0.118" classname="kalturaExercise.RunTests"/>
</testsuite> <!-- Default test -->
