<?xml version="1.0" encoding="UTF-8"?>
<testng-results skipped="0" failed="0" ignored="0" total="3" passed="3">
  <reporter-output>
  </reporter-output>
  <suite name="Default suite" duration-ms="1855" started-at="2019-09-01T20:09:55Z" finished-at="2019-09-01T20:09:57Z">
    <groups>
    </groups>
    <test name="Default test" duration-ms="1855" started-at="2019-09-01T20:09:55Z" finished-at="2019-09-01T20:09:57Z">
      <class name="kalturaExercise.RunTests">
        <test-method status="PASS" signature="beforeSuite()[pri:0, instance:kalturaExercise.RunTests@9629756]" name="beforeSuite" is-config="true" duration-ms="37" started-at="2019-09-01T20:09:55Z" finished-at="2019-09-01T20:09:55Z">
          <reporter-output>
          </reporter-output>
        </test-method> <!-- beforeSuite -->
        <test-method status="PASS" signature="beforeTest()[pri:0, instance:kalturaExercise.RunTests@9629756]" name="beforeTest" is-config="true" duration-ms="0" started-at="2019-09-01T20:09:55Z" finished-at="2019-09-01T20:09:55Z">
          <reporter-output>
          </reporter-output>
        </test-method> <!-- beforeTest -->
        <test-method status="PASS" signature="Test1()[pri:0, instance:kalturaExercise.RunTests@9629756]" name="Test1" duration-ms="1612" started-at="2019-09-01T20:09:55Z" finished-at="2019-09-01T20:09:57Z">
          <reporter-output>
          </reporter-output>
        </test-method> <!-- Test1 -->
        <test-method status="PASS" signature="Test2()[pri:0, instance:kalturaExercise.RunTests@9629756]" name="Test2" duration-ms="112" started-at="2019-09-01T20:09:57Z" finished-at="2019-09-01T20:09:57Z">
          <reporter-output>
          </reporter-output>
        </test-method> <!-- Test2 -->
        <test-method status="PASS" signature="Test3()[pri:0, instance:kalturaExercise.RunTests@9629756]" name="Test3" duration-ms="118" started-at="2019-09-01T20:09:57Z" finished-at="2019-09-01T20:09:57Z">
          <reporter-output>
          </reporter-output>
        </test-method> <!-- Test3 -->
        <test-method status="PASS" signature="afterSuite()[pri:0, instance:kalturaExercise.RunTests@9629756]" name="afterSuite" is-config="true" duration-ms="0" started-at="2019-09-01T20:09:57Z" finished-at="2019-09-01T20:09:57Z">
          <reporter-output>
          </reporter-output>
        </test-method> <!-- afterSuite -->
      </class> <!-- kalturaExercise.RunTests -->
    </test> <!-- Default test -->
  </suite> <!-- Default suite -->
</testng-results>
